<?xml version="1.0" encoding="UTF-8"?>
<!-- Generated by org.testng.reporters.JUnitReportReporter -->
<testsuite hostname="LAPTOP-J7UF7I4K" failures="0" tests="1" name="com.crm.advance_selenium.Launch" time="0.034" errors="0" timestamp="2024-07-08T11:29:27 IST" skipped="0">
  <testcase classname="com.crm.advance_selenium.Launch" name="main" time="0.034"/>
</testsuite> <!-- com.crm.advance_selenium.Launch -->
