<?xml version="1.0" encoding="UTF-8"?>
<!-- Generated by org.testng.reporters.JUnitReportReporter -->
<testsuite hostname="LAPTOP-J7UF7I4K" failures="0" tests="1" name="TestNG.CLO" time="0.006" errors="0" timestamp="2024-07-12T10:47:20 IST" skipped="0">
  <testcase classname="TestNG.CLO" name="Test" time="0.006"/>
</testsuite> <!-- TestNG.CLO -->
