<?xml version="1.0" encoding="UTF-8"?>
<!-- Generated by org.testng.reporters.JUnitReportReporter -->
<testsuite hostname="LAPTOP-J7UF7I4K" failures="0" tests="1" name="POM.DWS_pom" time="12.571" errors="0" timestamp="2024-07-17T12:11:28 IST" skipped="0">
  <testcase classname="POM.DWS_pom" name="login" time="12.571"/>
</testsuite> <!-- POM.DWS_pom -->
