<?xml version="1.0" encoding="UTF-8"?>
<!-- Generated by org.testng.reporters.JUnitReportReporter -->
<testsuite hostname="LAPTOP-J7UF7I4K" failures="0" tests="1" name="POM.DWS_GC_main" time="18.976" errors="0" timestamp="2024-07-17T23:39:41 IST" skipped="0">
  <testcase classname="POM.DWS_GC_main" name="login" time="18.976"/>
</testsuite> <!-- POM.DWS_GC_main -->
