<?xml version="1.0" encoding="UTF-8"?>
<!-- Generated by org.testng.reporters.JUnitReportReporter -->
<testsuite hostname="LAPTOP-J7UF7I4K" failures="0" tests="5" name="ExtendReports.DWSListnerTask" time="93.635" errors="0" timestamp="2024-07-30T14:28:14 IST" skipped="0">
  <testcase classname="ExtendReports.DWSListnerTask" name="AllLinks" time="16.048">
    <system-out>
      <![CDATA[onTestStartAllLinks]]>
    </system-out>
  </testcase> <!-- AllLinks -->
  <testcase classname="ExtendReports.DWSListnerTask" name="GiftCart" time="30.600">
    <system-out>
      <![CDATA[onTestStartGiftCart]]>
    </system-out>
  </testcase> <!-- GiftCart -->
  <testcase classname="ExtendReports.DWSListnerTask" name="DigiDownload" time="11.960">
    <system-out>
      <![CDATA[onTestStartDigiDownload]]>
    </system-out>
  </testcase> <!-- DigiDownload -->
  <testcase classname="ExtendReports.DWSListnerTask" name="Twitter" time="16.523">
    <system-out>
      <![CDATA[onTestStartTwitter]]>
    </system-out>
  </testcase> <!-- Twitter -->
  <testcase classname="ExtendReports.DWSListnerTask" name="Facebook" time="18.504">
    <system-out>
      <![CDATA[onTestStartFacebook]]>
    </system-out>
  </testcase> <!-- Facebook -->
  <system-out>
    <![CDATA[onTestStartAllLinks
onTestStartDigiDownload
onTestStartFacebook
onTestStartGiftCart
onTestStartTwitter]]>
  </system-out>
</testsuite> <!-- ExtendReports.DWSListnerTask -->
