<?xml version="1.0" encoding="UTF-8"?>
<!-- Generated by org.testng.reporters.JUnitReportReporter -->
<testsuite hostname="LAPTOP-J7UF7I4K" failures="0" tests="1" name="Bike_TestNG.Triumph_Bike" time="13.428" errors="0" timestamp="2024-07-20T10:49:01 IST" skipped="0">
  <testcase classname="Bike_TestNG.Triumph_Bike" name="Triumph" time="13.428">
    <system-out>
      <![CDATA[Triumph
onTestSuccess]]>
    </system-out>
  </testcase> <!-- Triumph -->
  <system-out>
    <![CDATA[RT
onTestSuccess
BMW
onTestSuccess
AD
onTestSuccess
Jawa
onTestSuccess
Puma
onTestSuccess
Nike
onTestSuccess
Ducati
onTestSuccess
RE
onTestSuccess
Triumph
onTestSuccess
Hrx
onTestSuccess]]>
  </system-out>
</testsuite> <!-- Bike_TestNG.Triumph_Bike -->
