<?xml version="1.0" encoding="UTF-8"?>
<!-- Generated by org.testng.reporters.JUnitReportReporter -->
<testsuite hostname="LAPTOP-J7UF7I4K" failures="0" tests="1" name="ExtendReports.SampleReports" time="0.564" errors="0" timestamp="2024-07-29T11:21:53 IST" skipped="0">
  <testcase classname="ExtendReports.SampleReports" name="BasicReport" time="0.564"/>
</testsuite> <!-- ExtendReports.SampleReports -->
