<?xml version="1.0" encoding="UTF-8"?>
<!-- Generated by org.testng.reporters.JUnitReportReporter -->
<testsuite hostname="LAPTOP-J7UF7I4K" failures="0" tests="3" name="TestNG.MultipleTestCases" time="18.553" errors="0" timestamp="2024-07-11T10:42:37 IST" skipped="0">
  <testcase classname="TestNG.MultipleTestCases" name="RCB" time="6.046"/>
  <testcase classname="TestNG.MultipleTestCases" name="CSK" time="5.557"/>
  <testcase classname="TestNG.MultipleTestCases" name="DWS" time="6.950"/>
</testsuite> <!-- TestNG.MultipleTestCases -->
