<?xml version="1.0" encoding="UTF-8"?>
<!-- Generated by org.testng.reporters.JUnitReportReporter -->
<testsuite hostname="LAPTOP-J7UF7I4K" failures="0" tests="1" name="POM.DWS_Reg_Main" time="69.125" errors="0" timestamp="2024-07-17T22:43:31 IST" skipped="0">
  <testcase classname="POM.DWS_Reg_Main" name="login" time="69.125"/>
</testsuite> <!-- POM.DWS_Reg_Main -->
