<?xml version="1.0" encoding="UTF-8"?>
<!-- Generated by org.testng.reporters.JUnitReportReporter -->
<testsuite hostname="LAPTOP-J7UF7I4K" failures="0" tests="1" name="TestNG.DWS_Main" time="12.621" errors="0" timestamp="2024-07-12T12:25:58 IST" skipped="0">
  <testcase classname="TestNG.DWS_Main" name="test" time="12.621"/>
</testsuite> <!-- TestNG.DWS_Main -->
