<?xml version="1.0" encoding="UTF-8"?>
<!-- Generated by org.testng.reporters.JUnitReportReporter -->
<testsuite hostname="LAPTOP-J7UF7I4K" failures="0" tests="1" name="POM.DWS_DD_main" time="14.194" errors="0" timestamp="2024-07-17T23:06:13 IST" skipped="0">
  <testcase classname="POM.DWS_DD_main" name="login" time="14.194"/>
</testsuite> <!-- POM.DWS_DD_main -->
