<?xml version="1.0" encoding="UTF-8"?>
<!-- Generated by org.testng.reporters.JUnitReportReporter -->
<testsuite hostname="LAPTOP-J7UF7I4K" failures="0" tests="1" name="Assert.SoftAssert1" time="5.326" errors="0" timestamp="2024-07-16T13:32:05 IST" skipped="0">
  <testcase classname="Assert.SoftAssert1" name="main" time="5.326">
    <system-out>
      <![CDATA[I am in DWS Homepage]]>
    </system-out>
  </testcase> <!-- main -->
  <system-out>
    <![CDATA[I am in DWS Homepage]]>
  </system-out>
</testsuite> <!-- Assert.SoftAssert1 -->
