<?xml version="1.0" encoding="UTF-8"?>
<!-- Generated by org.testng.reporters.JUnitReportReporter -->
<testsuite hostname="LAPTOP-J7UF7I4K" failures="0" tests="1" name="Shoes_TestNG.Redtape_Shoes" time="22.171" errors="0" timestamp="2024-07-20T10:49:01 IST" skipped="0">
  <testcase classname="Shoes_TestNG.Redtape_Shoes" name="RT" time="22.171">
    <system-out>
      <![CDATA[RT
onTestSuccess]]>
    </system-out>
  </testcase> <!-- RT -->
  <system-out>
    <![CDATA[RT
onTestSuccess
BMW
onTestSuccess
AD
onTestSuccess
Jawa
onTestSuccess
Puma
onTestSuccess
Nike
onTestSuccess
Ducati
onTestSuccess
RE
onTestSuccess
Triumph
onTestSuccess
Hrx
onTestSuccess]]>
  </system-out>
</testsuite> <!-- Shoes_TestNG.Redtape_Shoes -->
