<?xml version="1.0" encoding="UTF-8"?>
<!-- Generated by org.testng.reporters.JUnitReportReporter -->
<testsuite hostname="LAPTOP-J7UF7I4K" failures="0" tests="1" name="Hard_Assert.Assert_Equal" time="6.742" errors="0" timestamp="2024-07-16T11:22:28 IST" skipped="0">
  <testcase classname="Hard_Assert.Assert_Equal" name="main" time="6.742"/>
</testsuite> <!-- Hard_Assert.Assert_Equal -->
