<?xml version="1.0" encoding="UTF-8"?>
<!-- Generated by org.testng.reporters.JUnitReportReporter -->
<testsuite hostname="LAPTOP-J7UF7I4K" failures="0" tests="1" name="Bike_TestNG.RoyalEnfield_Bike" time="21.374" errors="0" timestamp="2024-07-20T10:49:01 IST" skipped="0">
  <testcase classname="Bike_TestNG.RoyalEnfield_Bike" name="RE" time="21.374">
    <system-out>
      <![CDATA[RE
onTestSuccess]]>
    </system-out>
  </testcase> <!-- RE -->
  <system-out>
    <![CDATA[RT
onTestSuccess
BMW
onTestSuccess
AD
onTestSuccess
Jawa
onTestSuccess
Puma
onTestSuccess
Nike
onTestSuccess
Ducati
onTestSuccess
RE
onTestSuccess
Triumph
onTestSuccess
Hrx
onTestSuccess]]>
  </system-out>
</testsuite> <!-- Bike_TestNG.RoyalEnfield_Bike -->
